c:\users\jb121\downloads\su-offer-holder-day-task-master\s2dplatformer\s2dplatformer\debug\vc142.pdb
c:\users\jb121\downloads\su-offer-holder-day-task-master\s2dplatformer\s2dplatformer\debug\vc142.idb
c:\users\jb121\downloads\su-offer-holder-day-task-master\s2dplatformer\s2dplatformer\debug\tile.obj
c:\users\jb121\downloads\su-offer-holder-day-task-master\s2dplatformer\s2dplatformer\debug\rectangleextensions.obj
c:\users\jb121\downloads\su-offer-holder-day-task-master\s2dplatformer\s2dplatformer\debug\player.obj
c:\users\jb121\downloads\su-offer-holder-day-task-master\s2dplatformer\s2dplatformer\debug\platformergame.obj
c:\users\jb121\downloads\su-offer-holder-day-task-master\s2dplatformer\s2dplatformer\debug\main.obj
c:\users\jb121\downloads\su-offer-holder-day-task-master\s2dplatformer\s2dplatformer\debug\level.obj
c:\users\jb121\downloads\su-offer-holder-day-task-master\s2dplatformer\s2dplatformer\debug\gem.obj
c:\users\jb121\downloads\su-offer-holder-day-task-master\s2dplatformer\s2dplatformer\debug\enemy.obj
c:\users\jb121\downloads\su-offer-holder-day-task-master\s2dplatformer\s2dplatformer\debug\circle.obj
c:\users\jb121\downloads\su-offer-holder-day-task-master\s2dplatformer\s2dplatformer\debug\animationplayer.obj
c:\users\jb121\downloads\su-offer-holder-day-task-master\s2dplatformer\s2dplatformer\debug\animation.obj
c:\users\jb121\downloads\su-offer-holder-day-task-master\s2dplatformer\debug\s2dplatformer.exe
c:\users\jb121\downloads\su-offer-holder-day-task-master\s2dplatformer\debug\s2dplatformer.ilk
c:\users\jb121\downloads\su-offer-holder-day-task-master\s2dplatformer\debug\s2dplatformer.pdb
c:\users\jb121\downloads\su-offer-holder-day-task-master\s2dplatformer\s2dplatformer\debug\s2dplatformer.tlog\cl.command.1.tlog
c:\users\jb121\downloads\su-offer-holder-day-task-master\s2dplatformer\s2dplatformer\debug\s2dplatformer.tlog\cl.read.1.tlog
c:\users\jb121\downloads\su-offer-holder-day-task-master\s2dplatformer\s2dplatformer\debug\s2dplatformer.tlog\cl.write.1.tlog
c:\users\jb121\downloads\su-offer-holder-day-task-master\s2dplatformer\s2dplatformer\debug\s2dplatformer.tlog\link.command.1.tlog
c:\users\jb121\downloads\su-offer-holder-day-task-master\s2dplatformer\s2dplatformer\debug\s2dplatformer.tlog\link.read.1.tlog
c:\users\jb121\downloads\su-offer-holder-day-task-master\s2dplatformer\s2dplatformer\debug\s2dplatformer.tlog\link.write.1.tlog
